<?xml version="1.0" encoding="UTF-8"?>
<testsuite xmlns:xsi="http://www.w3.org/2001/XMLSchema-instance" xsi:noNamespaceSchemaLocation="https://maven.apache.org/surefire/maven-surefire-plugin/xsd/surefire-test-report-3.0.xsd" version="3.0" name="com.example.elevator.ElevatorAnimatorTest" time="13.283" tests="9" errors="0" skipped="0" failures="0">
  <properties>
[...]
</properties>
  <testcase name="testMoveToSingleFloor" classname="com.example.elevator.ElevatorAnimatorTest" time="5.237"/>
  <testcase name="testElevatorSetPosition" classname="com.example.elevator.ElevatorAnimatorTest" time="0.002"/>
  <testcase name="testElevatorGetPosition" classname="com.example.elevator.ElevatorAnimatorTest" time="0.002"/>
  <testcase name="testMoveToMultipleFloors" classname="com.example.elevator.ElevatorAnimatorTest" time="8.007"/>
  <testcase name="testElevatorSimulationPanelUpdate" classname="com.example.elevator.ElevatorAnimatorTest" time="0.002"/>
  <testcase name="testElevatorButtonActionPerformed" classname="com.example.elevator.ElevatorAnimatorTest" time="0.006"/>
  <testcase name="testElevatorGUICreateAndShowGUI" classname="com.example.elevator.ElevatorAnimatorTest" time="0.001"/>
  <testcase name="testElevatorSimulationPanelPaintComponent" classname="com.example.elevator.ElevatorAnimatorTest" time="0.002"/>
  <testcase name="testInitialState" classname="com.example.elevator.ElevatorAnimatorTest" time="0.002"/>
</testsuite>